\BOOKMARK [1][-]{section.1}{Introduction}{}% 1
\BOOKMARK [1][-]{section.2}{Related Work}{}% 2
\BOOKMARK [2][-]{subsection.2.1}{Computational Fabrication}{section.2}% 3
\BOOKMARK [2][-]{subsection.2.2}{Zometool Design and Modeling}{section.2}% 4
\BOOKMARK [2][-]{subsection.2.3}{Mesh Segmentation}{section.2}% 5
\BOOKMARK [1][-]{section.3}{Overview}{}% 6
\BOOKMARK [1][-]{section.4}{Zometool construction}{}% 7
\BOOKMARK [2][-]{subsection.4.1}{Introduction to Zometool}{section.4}% 8
\BOOKMARK [2][-]{subsection.4.2}{Initialization}{section.4}% 9
\BOOKMARK [2][-]{subsection.4.3}{Problem Formulation}{section.4}% 10
\BOOKMARK [3][-]{subsubsection.4.3.1}{Distance}{subsection.4.3}% 11
\BOOKMARK [3][-]{subsubsection.4.3.2}{Regularity}{subsection.4.3}% 12
\BOOKMARK [3][-]{subsubsection.4.3.3}{Valence}{subsection.4.3}% 13
\BOOKMARK [3][-]{subsubsection.4.3.4}{Simplicity}{subsection.4.3}% 14
\BOOKMARK [2][-]{subsection.4.4}{Exploration Mechanism}{section.4}% 15
\BOOKMARK [3][-]{subsubsection.4.4.1}{Local Perturbation Operation}{subsection.4.4}% 16
\BOOKMARK [3][-]{subsubsection.4.4.2}{Cooling schedule}{subsection.4.4}% 17
\BOOKMARK [1][-]{section.5}{Object Partition}{}% 18
\BOOKMARK [2][-]{subsection.5.1}{Surface Partition}{section.5}% 19
\BOOKMARK [3][-]{subsubsection.5.1.1}{Data cost}{subsection.5.1}% 20
\BOOKMARK [3][-]{subsubsection.5.1.2}{Smoothness cost}{subsection.5.1}% 21
\BOOKMARK [3][-]{subsubsection.5.1.3}{Our result}{subsection.5.1}% 22
\BOOKMARK [2][-]{subsection.5.2}{Object Cut}{section.5}% 23
\BOOKMARK [1][-]{section.6}{Fabrication}{}% 24
\BOOKMARK [2][-]{subsection.6.1}{Inner surface}{section.6}% 25
\BOOKMARK [2][-]{subsection.6.2}{Generate connector}{section.6}% 26
\BOOKMARK [3][-]{subsubsection.6.2.1}{Dig holes}{subsection.6.2}% 27
\BOOKMARK [3][-]{subsubsection.6.2.2}{Grow tenons on surface}{subsection.6.2}% 28
\BOOKMARK [1][-]{section.7}{Result}{}% 29
\BOOKMARK [2][-]{subsection.7.1}{Experiment environment}{section.7}% 30
\BOOKMARK [2][-]{subsection.7.2}{Evaluation}{section.7}% 31
\BOOKMARK [3][-]{subsubsection.7.2.1}{Material cost}{subsection.7.2}% 32
\BOOKMARK [3][-]{subsubsection.7.2.2}{Printing time}{subsection.7.2}% 33
\BOOKMARK [2][-]{subsection.7.3}{Zometool Use}{section.7}% 34
