This is pdfTeX, Version 3.14159265-2.6-1.40.18 (MiKTeX 2.9.6500 64-bit) (preloaded format=pdflatex 2017.12.6)  8 DEC 2017 13:53
entering extended mode
**./paper.tex
(paper.tex
LaTeX2e <2017-04-15>
Babel <3.15> and hyphenation patterns for 75 language(s) loaded.
(vgtc.cls
Document Class: vgtc 2006/05/21 IEEE VGTC
("C:\Program Files\MiKTeX 2.9\tex\latex\base\article.cls"
Document Class: article 2014/09/29 v1.4h Standard LaTeX document class
("C:\Program Files\MiKTeX 2.9\tex\latex\base\size10.clo"
File: size10.clo 2014/09/29 v1.4h Standard LaTeX file (size option)
)
\c@part=\count79
\c@section=\count80
\c@subsection=\count81
\c@subsubsection=\count82
\c@paragraph=\count83
\c@subparagraph=\count84
\c@figure=\count85
\c@table=\count86
\abovecaptionskip=\skip41
\belowcaptionskip=\skip42
\bibindent=\dimen102
)
\captionmargin=\skip43
\bibindent=\dimen103
\bibspacing=\dimen104
\titlespace=\skip44
\teaserspace=\skip45
\abstxtspace=\skip46
\vgtc@copyrightlength=\skip47
)
("C:\Program Files\MiKTeX 2.9\tex\latex\psnfss\mathptmx.sty"
Package: mathptmx 2005/04/12 PSNFSS-v9.2a Times w/ Math, improved (SPQR, WaS) 
LaTeX Font Info:    Redeclaring symbol font `operators' on input line 28.
LaTeX Font Info:    Overwriting symbol font `operators' in version `normal'
(Font)                  OT1/cmr/m/n --> OT1/ztmcm/m/n on input line 28.
LaTeX Font Info:    Overwriting symbol font `operators' in version `bold'
(Font)                  OT1/cmr/bx/n --> OT1/ztmcm/m/n on input line 28.
LaTeX Font Info:    Redeclaring symbol font `letters' on input line 29.
LaTeX Font Info:    Overwriting symbol font `letters' in version `normal'
(Font)                  OML/cmm/m/it --> OML/ztmcm/m/it on input line 29.
LaTeX Font Info:    Overwriting symbol font `letters' in version `bold'
(Font)                  OML/cmm/b/it --> OML/ztmcm/m/it on input line 29.
LaTeX Font Info:    Redeclaring symbol font `symbols' on input line 30.
LaTeX Font Info:    Overwriting symbol font `symbols' in version `normal'
(Font)                  OMS/cmsy/m/n --> OMS/ztmcm/m/n on input line 30.
LaTeX Font Info:    Overwriting symbol font `symbols' in version `bold'
(Font)                  OMS/cmsy/b/n --> OMS/ztmcm/m/n on input line 30.
LaTeX Font Info:    Redeclaring symbol font `largesymbols' on input line 31.
LaTeX Font Info:    Overwriting symbol font `largesymbols' in version `normal'
(Font)                  OMX/cmex/m/n --> OMX/ztmcm/m/n on input line 31.
LaTeX Font Info:    Overwriting symbol font `largesymbols' in version `bold'
(Font)                  OMX/cmex/m/n --> OMX/ztmcm/m/n on input line 31.
\symbold=\mathgroup4
\symitalic=\mathgroup5
LaTeX Font Info:    Redeclaring math alphabet \mathbf on input line 34.
LaTeX Font Info:    Overwriting math alphabet `\mathbf' in version `normal'
(Font)                  OT1/cmr/bx/n --> OT1/ptm/bx/n on input line 34.
LaTeX Font Info:    Overwriting math alphabet `\mathbf' in version `bold'
(Font)                  OT1/cmr/bx/n --> OT1/ptm/bx/n on input line 34.
LaTeX Font Info:    Redeclaring math alphabet \mathit on input line 35.
LaTeX Font Info:    Overwriting math alphabet `\mathit' in version `normal'
(Font)                  OT1/cmr/m/it --> OT1/ptm/m/it on input line 35.
LaTeX Font Info:    Overwriting math alphabet `\mathit' in version `bold'
(Font)                  OT1/cmr/bx/it --> OT1/ptm/m/it on input line 35.
LaTeX Info: Redefining \hbar on input line 50.
)
("C:\Program Files\MiKTeX 2.9\tex\latex\graphics\graphicx.sty"
Package: graphicx 2017/06/01 v1.1a Enhanced LaTeX Graphics (DPC,SPQR)

("C:\Program Files\MiKTeX 2.9\tex\latex\graphics\keyval.sty"
Package: keyval 2014/10/28 v1.15 key=value parser (DPC)
\KV@toks@=\toks14
)
("C:\Program Files\MiKTeX 2.9\tex\latex\graphics\graphics.sty"
Package: graphics 2017/06/25 v1.2c Standard LaTeX Graphics (DPC,SPQR)

("C:\Program Files\MiKTeX 2.9\tex\latex\graphics\trig.sty"
Package: trig 2016/01/03 v1.10 sin cos tan (DPC)
)
("C:\Program Files\MiKTeX 2.9\tex\latex\graphics-cfg\graphics.cfg"
File: graphics.cfg 2016/06/04 v1.11 sample graphics configuration
)
Package graphics Info: Driver file: pdftex.def on input line 99.

("C:\Program Files\MiKTeX 2.9\tex\latex\graphics-def\pdftex.def"
File: pdftex.def 2017/06/24 v1.0g Graphics/color driver for pdftex
))
\Gin@req@height=\dimen105
\Gin@req@width=\dimen106
)
("C:\Program Files\MiKTeX 2.9\tex\latex\psnfss\times.sty"
Package: times 2005/04/12 PSNFSS-v9.2a (SPQR) 
) (macro.tex
("C:\Program Files\MiKTeX 2.9\tex\latex\caption\caption.sty"
Package: caption 2016/02/21 v3.3-144 Customizing captions (AR)

("C:\Program Files\MiKTeX 2.9\tex\latex\caption\caption3.sty"
Package: caption3 2016/05/22 v1.7-166 caption3 kernel (AR)
Package caption3 Info: TeX engine: e-TeX on input line 67.
\captionmargin=\dimen107
\captionmargin@=\dimen108
\captionwidth=\dimen109
\caption@tempdima=\dimen110
\caption@indent=\dimen111
\caption@parindent=\dimen112
\caption@hangindent=\dimen113
Package caption Info: Unknown document class (or package),
(caption)             standard defaults will be used.
)

Package caption Warning: Unsupported document class (or package) detected,
(caption)                usage of the caption package is not recommended.
See the caption package documentation for explanation.

Package caption Info: \@makecaption = \long macro:#1#2->\vskip \abovecaptionski
p \leftskip = \captionmargin \rightskip = \leftskip \sbox \@tempboxa {\captionf
onts #1\ifvgtcjournal . \else : \fi #2}\ifdim \wd \@tempboxa >\hsize {\captionf
onts #1\ifvgtcjournal . \else : \fi #2\par } \else \global \@minipagefalse \def
 \@figcaptype {figure} \hskip 0.0in\hb@xt@ \hsize {\ifvgtcjournal \ifx \@captyp
e \@figcaptype \else \hfil \fi \else \hfil \fi \box \@tempboxa \hfil }\fi \vski
p \belowcaptionskip .
\c@ContinuedFloat=\count87
) (C:\Users\Rock\AppData\Roaming\MiKTeX\2.9\tex\latex\comment\comment.sty
\CommentStream=\write3

Excluding comment 'comment')
("C:\Program Files\MiKTeX 2.9\tex\latex\amsmath\amsmath.sty"
Package: amsmath 2017/09/02 v2.17a AMS math features
\@mathmargin=\skip48

For additional information on amsmath, use the `?' option.
("C:\Program Files\MiKTeX 2.9\tex\latex\amsmath\amstext.sty"
Package: amstext 2000/06/29 v2.01 AMS text

("C:\Program Files\MiKTeX 2.9\tex\latex\amsmath\amsgen.sty"
File: amsgen.sty 1999/11/30 v2.0 generic functions
\@emptytoks=\toks15
\ex@=\dimen114
))
("C:\Program Files\MiKTeX 2.9\tex\latex\amsmath\amsbsy.sty"
Package: amsbsy 1999/11/29 v1.2d Bold Symbols
\pmbraise@=\dimen115
)
("C:\Program Files\MiKTeX 2.9\tex\latex\amsmath\amsopn.sty"
Package: amsopn 2016/03/08 v2.02 operator names
)
\inf@bad=\count88
LaTeX Info: Redefining \frac on input line 213.
\uproot@=\count89
\leftroot@=\count90
LaTeX Info: Redefining \overline on input line 375.
\classnum@=\count91
\DOTSCASE@=\count92
LaTeX Info: Redefining \ldots on input line 472.
LaTeX Info: Redefining \dots on input line 475.
LaTeX Info: Redefining \cdots on input line 596.
\Mathstrutbox@=\box26
\strutbox@=\box27
\big@size=\dimen116
LaTeX Font Info:    Redeclaring font encoding OML on input line 712.
LaTeX Font Info:    Redeclaring font encoding OMS on input line 713.
\macc@depth=\count93
\c@MaxMatrixCols=\count94
\dotsspace@=\muskip10
\c@parentequation=\count95
\dspbrk@lvl=\count96
\tag@help=\toks16
\row@=\count97
\column@=\count98
\maxfields@=\count99
\andhelp@=\toks17
\eqnshift@=\dimen117
\alignsep@=\dimen118
\tagshift@=\dimen119
\tagwidth@=\dimen120
\totwidth@=\dimen121
\lineht@=\dimen122
\@envbody=\toks18
\multlinegap=\skip49
\multlinetaggap=\skip50
\mathdisplay@stack=\toks19
LaTeX Info: Redefining \[ on input line 2817.
LaTeX Info: Redefining \] on input line 2818.
)
("C:\Program Files\MiKTeX 2.9\tex\latex\amsfonts\amssymb.sty"
Package: amssymb 2013/01/14 v3.01 AMS font symbols

("C:\Program Files\MiKTeX 2.9\tex\latex\amsfonts\amsfonts.sty"
Package: amsfonts 2013/01/14 v3.01 Basic AMSFonts support
\symAMSa=\mathgroup6
\symAMSb=\mathgroup7
LaTeX Font Info:    Overwriting math alphabet `\mathfrak' in version `bold'
(Font)                  U/euf/m/n --> U/euf/b/n on input line 106.
))
("C:\Program Files\MiKTeX 2.9\tex\latex\multirow\multirow.sty"
Package: multirow 2016/11/25 v2.2 Span multiple rows of a table
\multirow@colwidth=\skip51
\multirow@cntb=\count100
\multirow@dima=\skip52
\bigstrutjot=\dimen123
)
(C:\Users\Rock\AppData\Roaming\MiKTeX\2.9\tex\latex\subfigure\subfigure.sty
Package: subfigure 2002/07/30 v2.1.4 subfigure package
\subfigtopskip=\skip53
\subfigcapskip=\skip54
\subfigcaptopadj=\dimen124
\subfigbottomskip=\skip55
\subfigcapmargin=\dimen125
\subfiglabelskip=\skip56
\c@subfigure=\count101
\c@lofdepth=\count102
\c@subtable=\count103
\c@lotdepth=\count104

****************************************
* Local config file subfigure.cfg used *
****************************************
(C:\Users\Rock\AppData\Roaming\MiKTeX\2.9\tex\latex\subfigure\subfigure.cfg)
\subfig@top=\skip57
\subfig@bottom=\skip58
)
("C:\Program Files\MiKTeX 2.9\tex\latex\graphics\color.sty"
Package: color 2016/07/10 v1.1e Standard LaTeX Color (DPC)

("C:\Program Files\MiKTeX 2.9\tex\latex\graphics-cfg\color.cfg"
File: color.cfg 2016/01/02 v1.6 sample color configuration
)
Package color Info: Driver file: pdftex.def on input line 147.
)
("C:\Program Files\MiKTeX 2.9\tex\latex\base\ifthen.sty"
Package: ifthen 2014/09/29 v1.1c Standard LaTeX ifthen package (DPC)
)
(C:\Users\Rock\AppData\Roaming\MiKTeX\2.9\tex\latex\xcolor\xcolor.sty
Package: xcolor 2016/05/11 v2.12 LaTeX color extensions (UK)

("C:\Program Files\MiKTeX 2.9\tex\latex\graphics-cfg\color.cfg"
File: color.cfg 2016/01/02 v1.6 sample color configuration
)
Package xcolor Info: Driver file: pdftex.def on input line 225.
LaTeX Info: Redefining \color on input line 709.
Package xcolor Info: Model `cmy' substituted by `cmy0' on input line 1348.
Package xcolor Info: Model `hsb' substituted by `rgb' on input line 1352.
Package xcolor Info: Model `RGB' extended on input line 1364.
Package xcolor Info: Model `HTML' substituted by `rgb' on input line 1366.
Package xcolor Info: Model `Hsb' substituted by `hsb' on input line 1367.
Package xcolor Info: Model `tHsb' substituted by `hsb' on input line 1368.
Package xcolor Info: Model `HSB' substituted by `hsb' on input line 1369.
Package xcolor Info: Model `Gray' substituted by `gray' on input line 1370.
Package xcolor Info: Model `wave' substituted by `hsb' on input line 1371.
)
(C:\Users\Rock\AppData\Roaming\MiKTeX\2.9\tex\latex\ulem\ulem.sty
\UL@box=\box28
\UL@hyphenbox=\box29
\UL@skip=\skip59
\UL@hook=\toks20
\UL@height=\dimen126
\UL@pe=\count105
\UL@pixel=\dimen127
\ULC@box=\box30
Package: ulem 2012/05/18
\ULdepth=\dimen128
)
(C:\Users\Rock\AppData\Roaming\MiKTeX\2.9\tex\latex\enumitem\enumitem.sty
Package: enumitem 2011/09/28 v3.5.2 Customized lists
\labelindent=\skip60
\enit@outerparindent=\dimen129
\enit@toks=\toks21
\enit@inbox=\box31
\enitdp@description=\count106
)
(C:\Users\Rock\AppData\Roaming\MiKTeX\2.9\tex\latex\cjk\CJK.sty
Package: CJK 2015/04/18 4.8.4

(C:\Users\Rock\AppData\Roaming\MiKTeX\2.9\tex\latex\cjk\mule\MULEenc.sty
Package: MULEenc 2015/04/18 4.8.4
)
(C:\Users\Rock\AppData\Roaming\MiKTeX\2.9\tex\latex\cjk\CJK.enc
File: CJK.enc 2015/04/18 4.8.4
)
LaTeX Info: Redefining \selectfont on input line 755.
\CJK@indent=\box32
)
(C:\Users\Rock\AppData\Roaming\MiKTeX\2.9\tex\latex\wrapfig\wrapfig.sty
\wrapoverhang=\dimen130
\WF@size=\dimen131
\c@WF@wrappedlines=\count107
\WF@box=\box33
\WF@everypar=\toks22
Package: wrapfig 2003/01/31  v 3.6
)
(C:\Users\Rock\AppData\Roaming\MiKTeX\2.9\tex\latex\algorithms\algorithm.sty
Package: algorithm 2009/08/24 v0.1 Document Style `algorithm' - floating enviro
nment

("C:\Program Files\MiKTeX 2.9\tex\latex\float\float.sty"
Package: float 2001/11/08 v1.3d Float enhancements (AL)
\c@float@type=\count108
\float@exts=\toks23
\float@box=\box34
\@float@everytoks=\toks24
\@floatcapt=\box35
)
\@float@every@algorithm=\toks25
\c@algorithm=\count109
)
(C:\Users\Rock\AppData\Roaming\MiKTeX\2.9\tex\latex\algorithmicx\algorithmicx.s
ty
Package: algorithmicx 2005/04/27 v1.2 Algorithmicx

Document Style algorithmicx 1.2 - a greatly improved `algorithmic' style
\c@ALG@line=\count110
\c@ALG@rem=\count111
\c@ALG@nested=\count112
\ALG@tlm=\skip61
\ALG@thistlm=\skip62
\c@ALG@Lnr=\count113
\c@ALG@blocknr=\count114
\c@ALG@storecount=\count115
\c@ALG@tmpcounter=\count116
\ALG@tmplength=\skip63
)
(C:\Users\Rock\AppData\Roaming\MiKTeX\2.9\tex\latex\algorithmicx\algpseudocode.
sty
Package: algpseudocode 

Document Style - pseudocode environments for use with the `algorithmicx' style
)) ("C:\Program Files\MiKTeX 2.9\tex\latex\hyperref\hyperref.sty"
Package: hyperref 2017/03/14 v6.85a Hypertext links for LaTeX

("C:\Program Files\MiKTeX 2.9\tex\generic\oberdiek\hobsub-hyperref.sty"
Package: hobsub-hyperref 2016/05/16 v1.14 Bundle oberdiek, subset hyperref (HO)


("C:\Program Files\MiKTeX 2.9\tex\generic\oberdiek\hobsub-generic.sty"
Package: hobsub-generic 2016/05/16 v1.14 Bundle oberdiek, subset generic (HO)
Package: hobsub 2016/05/16 v1.14 Construct package bundles (HO)
Package: infwarerr 2016/05/16 v1.4 Providing info/warning/error messages (HO)
Package: ltxcmds 2016/05/16 v1.23 LaTeX kernel commands for general use (HO)
Package: ifluatex 2016/05/16 v1.4 Provides the ifluatex switch (HO)
Package ifluatex Info: LuaTeX not detected.
Package: ifvtex 2016/05/16 v1.6 Detect VTeX and its facilities (HO)
Package ifvtex Info: VTeX not detected.
Package: intcalc 2016/05/16 v1.2 Expandable calculations with integers (HO)
Package: ifpdf 2017/03/15 v3.2 Provides the ifpdf switch
Package: etexcmds 2016/05/16 v1.6 Avoid name clashes with e-TeX commands (HO)
Package etexcmds Info: Could not find \expanded.
(etexcmds)             That can mean that you are not using pdfTeX 1.50 or
(etexcmds)             that some package has redefined \expanded.
(etexcmds)             In the latter case, load this package earlier.
Package: kvsetkeys 2016/05/16 v1.17 Key value parser (HO)
Package: kvdefinekeys 2016/05/16 v1.4 Define keys (HO)
Package: pdftexcmds 2017/03/19 v0.25 Utility functions of pdfTeX for LuaTeX (HO
)
Package pdftexcmds Info: LuaTeX not detected.
Package pdftexcmds Info: \pdf@primitive is available.
Package pdftexcmds Info: \pdf@ifprimitive is available.
Package pdftexcmds Info: \pdfdraftmode found.
Package: pdfescape 2016/05/16 v1.14 Implements pdfTeX's escape features (HO)
Package: bigintcalc 2016/05/16 v1.4 Expandable calculations on big integers (HO
)
Package: bitset 2016/05/16 v1.2 Handle bit-vector datatype (HO)
Package: uniquecounter 2016/05/16 v1.3 Provide unlimited unique counter (HO)
)
Package hobsub Info: Skipping package `hobsub' (already loaded).
Package: letltxmacro 2016/05/16 v1.5 Let assignment for LaTeX macros (HO)
Package: hopatch 2016/05/16 v1.3 Wrapper for package hooks (HO)
Package: xcolor-patch 2016/05/16 xcolor patch
Package: atveryend 2016/05/16 v1.9 Hooks at the very end of document (HO)
Package atveryend Info: \enddocument detected (standard20110627).
Package: atbegshi 2016/06/09 v1.18 At begin shipout hook (HO)
Package: refcount 2016/05/16 v3.5 Data extraction from label references (HO)
Package: hycolor 2016/05/16 v1.8 Color options for hyperref/bookmark (HO)
)
("C:\Program Files\MiKTeX 2.9\tex\generic\ifxetex\ifxetex.sty"
Package: ifxetex 2010/09/12 v0.6 Provides ifxetex conditional
)
("C:\Program Files\MiKTeX 2.9\tex\latex\oberdiek\auxhook.sty"
Package: auxhook 2016/05/16 v1.4 Hooks for auxiliary files (HO)
)
("C:\Program Files\MiKTeX 2.9\tex\latex\oberdiek\kvoptions.sty"
Package: kvoptions 2016/05/16 v3.12 Key value format for package options (HO)
)
\@linkdim=\dimen132
\Hy@linkcounter=\count117
\Hy@pagecounter=\count118

("C:\Program Files\MiKTeX 2.9\tex\latex\hyperref\pd1enc.def"
File: pd1enc.def 2017/03/14 v6.85a Hyperref: PDFDocEncoding definition (HO)
)
\Hy@SavedSpaceFactor=\count119

("C:\Program Files\MiKTeX 2.9\tex\latex\00miktex\hyperref.cfg"
File: hyperref.cfg 2002/06/06 v1.2 hyperref configuration of TeXLive
)
Package hyperref Info: Option `bookmarks' set `true' on input line 4374.


Package hyperref Warning: Unexpected value `true'
(hyperref)                of option `backref' instead of
(hyperref)                `section', `slide', `page', `none',
(hyperref)                or `false' on input line 4374.

Package hyperref Info: Hyper figures OFF on input line 4498.
Package hyperref Info: Link nesting OFF on input line 4503.
Package hyperref Info: Hyper index ON on input line 4506.
Package hyperref Info: Plain pages OFF on input line 4513.
Package hyperref Info: Backreferencing OFF on input line 4518.
Package hyperref Info: Implicit mode ON; LaTeX internals redefined.
Package hyperref Info: Bookmarks ON on input line 4751.
\c@Hy@tempcnt=\count120
(C:\Users\Rock\AppData\Roaming\MiKTeX\2.9\tex\latex\url\url.sty
\Urlmuskip=\muskip11
Package: url 2013/09/16  ver 3.4  Verb mode for urls, etc.
)
LaTeX Info: Redefining \url on input line 5104.
\XeTeXLinkMargin=\dimen133
\Fld@menulength=\count121
\Field@Width=\dimen134
\Fld@charsize=\dimen135
Package hyperref Info: Hyper figures OFF on input line 6358.
Package hyperref Info: Link nesting OFF on input line 6363.
Package hyperref Info: Hyper index ON on input line 6366.
Package hyperref Info: backreferencing OFF on input line 6373.
Package hyperref Info: Link coloring OFF on input line 6378.
Package hyperref Info: Link coloring with OCG OFF on input line 6383.
Package hyperref Info: PDF/A mode OFF on input line 6388.
LaTeX Info: Redefining \ref on input line 6428.
LaTeX Info: Redefining \pageref on input line 6432.
\Hy@abspage=\count122
\c@Item=\count123
\c@Hfootnote=\count124
)

Package hyperref Message: Driver (autodetected): hpdftex.

("C:\Program Files\MiKTeX 2.9\tex\latex\hyperref\hpdftex.def"
File: hpdftex.def 2017/03/14 v6.85a Hyperref driver for pdfTeX
\Fld@listcount=\count125
\c@bookmark@seq@number=\count126

("C:\Program Files\MiKTeX 2.9\tex\latex\oberdiek\rerunfilecheck.sty"
Package: rerunfilecheck 2016/05/16 v1.8 Rerun checks for auxiliary files (HO)
Package uniquecounter Info: New unique counter `rerunfilecheck' on input line 2
82.
)
\Hy@SectionHShift=\skip64
)
Package hyperref Info: Option `colorlinks' set `true' on input line 50.
Package hyperref Info: Option `pageanchor' set `true' on input line 50.
Package hyperref Info: Option `plainpages' set `false' on input line 50.
Package hyperref Info: Option `linktocpage' set `true' on input line 50.

(abstract.tex) (paper.aux)
\openout1 = `paper.aux'.

LaTeX Font Info:    Checking defaults for OML/cmm/m/it on input line 129.
LaTeX Font Info:    ... okay on input line 129.
LaTeX Font Info:    Checking defaults for T1/cmr/m/n on input line 129.
LaTeX Font Info:    ... okay on input line 129.
LaTeX Font Info:    Checking defaults for OT1/cmr/m/n on input line 129.
LaTeX Font Info:    ... okay on input line 129.
LaTeX Font Info:    Checking defaults for OMS/cmsy/m/n on input line 129.
LaTeX Font Info:    ... okay on input line 129.
LaTeX Font Info:    Checking defaults for OMX/cmex/m/n on input line 129.
LaTeX Font Info:    ... okay on input line 129.
LaTeX Font Info:    Checking defaults for U/cmr/m/n on input line 129.
LaTeX Font Info:    ... okay on input line 129.
LaTeX Font Info:    Checking defaults for C00/song/m/n on input line 129.
LaTeX Font Info:    ... okay on input line 129.
LaTeX Font Info:    Checking defaults for C05/song/m/n on input line 129.
LaTeX Font Info:    ... okay on input line 129.
LaTeX Font Info:    Checking defaults for C09/song/m/n on input line 129.
LaTeX Font Info:    ... okay on input line 129.
LaTeX Font Info:    Checking defaults for C10/song/m/n on input line 129.
LaTeX Font Info:    ... okay on input line 129.
LaTeX Font Info:    Checking defaults for C20/song/m/n on input line 129.
LaTeX Font Info:    ... okay on input line 129.
LaTeX Font Info:    Checking defaults for C19/song/m/n on input line 129.
LaTeX Font Info:    ... okay on input line 129.
LaTeX Font Info:    Checking defaults for C40/song/m/n on input line 129.
LaTeX Font Info:    ... okay on input line 129.
LaTeX Font Info:    Checking defaults for C42/song/m/n on input line 129.
LaTeX Font Info:    ... okay on input line 129.
LaTeX Font Info:    Checking defaults for C43/song/m/n on input line 129.
LaTeX Font Info:    ... okay on input line 129.
LaTeX Font Info:    Checking defaults for C50/song/m/n on input line 129.
LaTeX Font Info:    ... okay on input line 129.
LaTeX Font Info:    Checking defaults for C52/song/m/n on input line 129.
LaTeX Font Info:    ... okay on input line 129.
LaTeX Font Info:    Checking defaults for C49/song/m/n on input line 129.
LaTeX Font Info:    ... okay on input line 129.
LaTeX Font Info:    Checking defaults for C60/mj/m/n on input line 129.
LaTeX Font Info:    ... okay on input line 129.
LaTeX Font Info:    Checking defaults for C61/mj/m/n on input line 129.
LaTeX Font Info:    ... okay on input line 129.
LaTeX Font Info:    Checking defaults for C63/mj/m/n on input line 129.
LaTeX Font Info:    ... okay on input line 129.
LaTeX Font Info:    Checking defaults for C64/mj/m/n on input line 129.
LaTeX Font Info:    ... okay on input line 129.
LaTeX Font Info:    Checking defaults for C65/mj/m/n on input line 129.
LaTeX Font Info:    ... okay on input line 129.
LaTeX Font Info:    Checking defaults for C70/song/m/n on input line 129.
LaTeX Font Info:    ... okay on input line 129.
LaTeX Font Info:    Checking defaults for C31/song/m/n on input line 129.
LaTeX Font Info:    ... okay on input line 129.
LaTeX Font Info:    Checking defaults for C32/song/m/n on input line 129.
LaTeX Font Info:    ... okay on input line 129.
LaTeX Font Info:    Checking defaults for C33/song/m/n on input line 129.
LaTeX Font Info:    ... okay on input line 129.
LaTeX Font Info:    Checking defaults for C34/song/m/n on input line 129.
LaTeX Font Info:    ... okay on input line 129.
LaTeX Font Info:    Checking defaults for C35/song/m/n on input line 129.
LaTeX Font Info:    ... okay on input line 129.
LaTeX Font Info:    Checking defaults for C36/song/m/n on input line 129.
LaTeX Font Info:    ... okay on input line 129.
LaTeX Font Info:    Checking defaults for C37/song/m/n on input line 129.
LaTeX Font Info:    ... okay on input line 129.
LaTeX Font Info:    Checking defaults for C80/song/m/n on input line 129.
LaTeX Font Info:    ... okay on input line 129.
LaTeX Font Info:    Checking defaults for C81/song/m/n on input line 129.
LaTeX Font Info:    ... okay on input line 129.
LaTeX Font Info:    Checking defaults for C01/song/m/n on input line 129.
LaTeX Font Info:    ... okay on input line 129.
LaTeX Font Info:    Checking defaults for C11/song/m/n on input line 129.
LaTeX Font Info:    ... okay on input line 129.
LaTeX Font Info:    Checking defaults for C21/song/m/n on input line 129.
LaTeX Font Info:    ... okay on input line 129.
LaTeX Font Info:    Checking defaults for C41/song/m/n on input line 129.
LaTeX Font Info:    ... okay on input line 129.
LaTeX Font Info:    Checking defaults for C62/song/m/n on input line 129.
LaTeX Font Info:    ... okay on input line 129.
LaTeX Font Info:    Checking defaults for PD1/pdf/m/n on input line 129.
LaTeX Font Info:    ... okay on input line 129.
LaTeX Font Info:    Try loading font information for OT1+ptm on input line 129.


("C:\Program Files\MiKTeX 2.9\tex\latex\psnfss\ot1ptm.fd"
File: ot1ptm.fd 2001/06/04 font definitions for OT1/ptm.
)
(C:\Users\Rock\AppData\Roaming\MiKTeX\2.9\tex\context\base\supp-pdf.mkii
[Loading MPS to PDF converter (version 2006.09.02).]
\scratchcounter=\count127
\scratchdimen=\dimen136
\scratchbox=\box36
\nofMPsegments=\count128
\nofMParguments=\count129
\everyMPshowfont=\toks26
\MPscratchCnt=\count130
\MPscratchDim=\dimen137
\MPnumerator=\count131
\makeMPintoPDFobject=\count132
\everyMPtoPDFconversion=\toks27
) ("C:\Program Files\MiKTeX 2.9\tex\latex\oberdiek\epstopdf-base.sty"
Package: epstopdf-base 2016/05/15 v2.6 Base part for package epstopdf

("C:\Program Files\MiKTeX 2.9\tex\latex\oberdiek\grfext.sty"
Package: grfext 2016/05/16 v1.2 Manage graphics extensions (HO)
)
Package epstopdf-base Info: Redefining graphics rule for `.eps' on input line 4
38.
Package grfext Info: Graphics extension search list:
(grfext)             [.pdf,.png,.jpg,.mps,.jpeg,.jbig2,.jb2,.PDF,.PNG,.JPG,.JPE
G,.JBIG2,.JB2,.eps]
(grfext)             \AppendGraphicsExtensions on input line 456.
)
Package caption Info: Begin \AtBeginDocument code.
Package caption Info: float package is loaded.
Package caption Info: hyperref package is loaded.
Package caption Info: subfigure package is loaded.
Package caption Info: wrapfig package is loaded.
Package caption Info: End \AtBeginDocument code.
\AtBeginShipoutBox=\box37
Package hyperref Info: Link coloring ON on input line 129.

("C:\Program Files\MiKTeX 2.9\tex\latex\hyperref\nameref.sty"
Package: nameref 2016/05/21 v2.44 Cross-referencing by name of section

("C:\Program Files\MiKTeX 2.9\tex\generic\oberdiek\gettitlestring.sty"
Package: gettitlestring 2016/05/16 v1.5 Cleanup title references (HO)
)
\c@section@level=\count133
)
LaTeX Info: Redefining \ref on input line 129.
LaTeX Info: Redefining \pageref on input line 129.
LaTeX Info: Redefining \nameref on input line 129.

(paper.out) (paper.out)
\@outlinefile=\write4
\openout4 = `paper.out'.

LaTeX Font Info:    Try loading font information for OT1+phv on input line 138.

 ("C:\Program Files\MiKTeX 2.9\tex\latex\psnfss\ot1phv.fd"
File: ot1phv.fd 2001/06/04 scalable font definitions for OT1/phv.
)
LaTeX Font Info:    Try loading font information for OT1+ztmcm on input line 13
8.
 ("C:\Program Files\MiKTeX 2.9\tex\latex\psnfss\ot1ztmcm.fd"
File: ot1ztmcm.fd 2000/01/03 Fontinst v1.801 font definitions for OT1/ztmcm.
)
LaTeX Font Info:    Try loading font information for OML+ztmcm on input line 13
8.

("C:\Program Files\MiKTeX 2.9\tex\latex\psnfss\omlztmcm.fd"
File: omlztmcm.fd 2000/01/03 Fontinst v1.801 font definitions for OML/ztmcm.
)
LaTeX Font Info:    Try loading font information for OMS+ztmcm on input line 13
8.

("C:\Program Files\MiKTeX 2.9\tex\latex\psnfss\omsztmcm.fd"
File: omsztmcm.fd 2000/01/03 Fontinst v1.801 font definitions for OMS/ztmcm.
)
LaTeX Font Info:    Try loading font information for OMX+ztmcm on input line 13
8.

("C:\Program Files\MiKTeX 2.9\tex\latex\psnfss\omxztmcm.fd"
File: omxztmcm.fd 2000/01/03 Fontinst v1.801 font definitions for OMX/ztmcm.
)
LaTeX Font Info:    Font shape `OT1/ptm/bx/n' in size <10> not available
(Font)              Font shape `OT1/ptm/b/n' tried instead on input line 138.
LaTeX Font Info:    Font shape `OT1/ptm/bx/n' in size <7.4> not available
(Font)              Font shape `OT1/ptm/b/n' tried instead on input line 138.
LaTeX Font Info:    Font shape `OT1/ptm/bx/n' in size <6> not available
(Font)              Font shape `OT1/ptm/b/n' tried instead on input line 138.
LaTeX Font Info:    Font shape `OT1/phv/bx/n' in size <8> not available
(Font)              Font shape `OT1/phv/b/n' tried instead on input line 138.
LaTeX Font Info:    Font shape `OT1/ptm/bx/n' in size <8> not available
(Font)              Font shape `OT1/ptm/b/n' tried instead on input line 138.
Package epstopdf Info: Source file: <diamondrule.eps>
(epstopdf)                    date: 2017-12-07 16:52:43
(epstopdf)                    size: 1684 bytes
(epstopdf)             Output file: <diamondrule-eps-converted-to.pdf>
(epstopdf)                    date: 2017-12-07 16:52:43
(epstopdf)                    size: 2547 bytes
(epstopdf)             Command: <epstopdf --outfile=diamondrule-eps-converted-t
o.pdf diamondrule.eps>
(epstopdf)             \includegraphics on input line 138.
Package epstopdf Info: Output file is already uptodate.
<diamondrule-eps-converted-to.pdf, id=139, pagebox=cropbox, 213.79875pt x 12.04
5pt>
File: diamondrule-eps-converted-to.pdf Graphic file (type pdf)
<use diamondrule-eps-converted-to.pdf>
Package pdftex.def Info: diamondrule-eps-converted-to.pdf  used on input line 1
38. on input line 138.
Package pdftex.def Info: Requested size: 213.79822pt x 12.04495pt on input line
 138.
LaTeX Font Info:    Font shape `OT1/ptm/bx/n' in size <5> not available
(Font)              Font shape `OT1/ptm/b/n' tried instead on input line 138.
LaTeX Font Info:    Try loading font information for OMS+ptm on input line 138.


("C:\Program Files\MiKTeX 2.9\tex\latex\psnfss\omsptm.fd"
File: omsptm.fd 
)
LaTeX Font Info:    Font shape `OMS/ptm/m/it' in size <8> not available
(Font)              Font shape `OMS/cmsy/m/n' tried instead on input line 138.
 (abstract.tex)
(1-introduction.tex
LaTeX Font Info:    Font shape `OT1/phv/bx/n' in size <9> not available
(Font)              Font shape `OT1/phv/b/n' tried instead on input line 3.
LaTeX Font Info:    Font shape `OT1/phv/bx/sc' in size <9> not available
(Font)              Font shape `OT1/phv/b/sc' tried instead on input line 3.
) (2-relatedworks.tex [1{C:/Users/Rock/AppData/Local/MiKTeX/2.9/pdftex/config/p
dftex.map}


 <./diamondrule-eps-converted-to.pdf>])
(3-overview.tex
<figs/pipeline2.pdf, id=220, pagebox=cropbox, 2987.52145pt x 910.48157pt>
File: figs/pipeline2.pdf Graphic file (type pdf)
<use figs/pipeline2.pdf>
Package pdftex.def Info: figs/pipeline2.pdf  used on input line 7. on input lin
e 7.
Package pdftex.def Info: Requested size: 514.92374pt x 156.91931pt on input lin
e 7.
LaTeX Font Info:    Font shape `OT1/ptm/bx/n' in size <9> not available
(Font)              Font shape `OT1/ptm/b/n' tried instead on input line 11.


LaTeX Warning: `h' float specifier changed to `ht'.

) (4-zometool.tex
<figs/Zometool.pdf, id=232, pagebox=cropbox, 2845.39037pt x 1308.80974pt>
File: figs/Zometool.pdf Graphic file (type pdf)
<use figs/Zometool.pdf>
Package pdftex.def Info: figs/Zometool.pdf  used on input line 30. on input lin
e 30.
Package pdftex.def Info: Requested size: 154.47868pt x 71.0561pt on input line 
30.
LaTeX Font Info:    Font shape `OT1/ptm/bx/n' in size <7> not available
(Font)              Font shape `OT1/ptm/b/n' tried instead on input line 39.

Underfull \hbox (badness 10000) in paragraph at lines 36--51
[]\OT1/ptm/m/n/9 Zometool is widely
 []


Underfull \hbox (badness 10000) in paragraph at lines 36--51
\OT1/ptm/m/n/9 used as ed-u-ca-tional
 []


Underfull \hbox (badness 10000) in paragraph at lines 36--51
\OT1/ptm/m/n/9 pli-cated sci-en-tific
 []


Underfull \hbox (badness 10000) in paragraph at lines 36--51
\OT1/ptm/m/n/9 struc-tures such as
 []


Underfull \hbox (badness 10000) in paragraph at lines 36--51
\OT1/ptm/m/n/9 chem-i-cal struc-tures.
 []


Underfull \hbox (badness 10000) in paragraph at lines 36--51
\OT1/ptm/m/n/9 have three dif-fer-ent
 []

<figs/Zometool_init2.pdf, id=234, pagebox=cropbox, 426.8748pt x 924.69464pt>
File: figs/Zometool_init2.pdf Graphic file (type pdf)
<use figs/Zometool_init2.pdf>
Package pdftex.def Info: figs/Zometool_init2.pdf  used on input line 68. on inp
ut line 68.
Package pdftex.def Info: Requested size: 51.49551pt x 111.53706pt on input line
 68.
[2 <./figs/Zometool.pdf> <./figs/Zometool_init2.pdf

pdfTeX warning: pdflatex (file ./figs/Zometool_init2.pdf): PDF inclusion: multi
ple pdfs with page group included in a single page
>]
<figs/Regularity.pdf, id=279, pagebox=cropbox, 1991.6407pt x 768.23009pt>
File: figs/Regularity.pdf Graphic file (type pdf)
<use figs/Regularity.pdf>
Package pdftex.def Info: figs/Regularity.pdf  used on input line 149. on input 
line 149.
Package pdftex.def Info: Requested size: 251.31898pt x 96.93114pt on input line
 149.
LaTeX Font Info:    Font shape `OT1/ptm/bx/it' in size <9> not available
(Font)              Font shape `OT1/ptm/b/it' tried instead on input line 150.
<figs/Valence.pdf, id=281, pagebox=cropbox, 2162.43896pt x 1308.80974pt>
File: figs/Valence.pdf Graphic file (type pdf)
<use figs/Valence.pdf>
Package pdftex.def Info: figs/Valence.pdf  used on input line 165. on input lin
e 165.
Package pdftex.def Info: Requested size: 251.31898pt x 152.09763pt on input lin
e 165.
 [3 <./figs/pipeline2.pdf> <./figs/Regularity.pdf

pdfTeX warning: pdflatex (file ./figs/Regularity.pdf): PDF inclusion: multiple 
pdfs with page group included in a single page
> <./figs/Valence.pdf

pdfTeX warning: pdflatex (file ./figs/Valence.pdf): PDF inclusion: multiple pdf
s with page group included in a single page
>]
Package hyperref Info: bookmark level for unknown algorithm defaults to 0 on in
put line 189.
<figs/local_opt.pdf, id=378, pagebox=cropbox, 2276.26411pt x 924.69464pt>
File: figs/local_opt.pdf Graphic file (type pdf)
<use figs/local_opt.pdf>
Package pdftex.def Info: figs/local_opt.pdf  used on input line 219. on input l
ine 219.
Package pdftex.def Info: Requested size: 251.31898pt x 102.08357pt on input lin
e 219.
) (5-surface_part.tex

Package caption Warning: \label without proper reference on input line 20.
See the caption package documentation for explanation.


LaTeX Warning: Reference `fig:nearest' on page 4 undefined on input line 4.


LaTeX Warning: Reference `' on page 4 undefined on input line 9.

<figs/nearest_node.pdf, id=383, pagebox=cropbox, 1422.6349pt x 1138.13205pt>
File: figs/nearest_node.pdf Graphic file (type pdf)
<use figs/nearest_node.pdf>
Package pdftex.def Info: figs/nearest_node.pdf  used on input line 18. on input
 line 18.
Package pdftex.def Info: Requested size: 102.98317pt x 82.38655pt on input line
 18.

Overfull \hbox (1.04144pt too wide) detected at line 66
[]
 []

[4 <./figs/local_opt.pdf> <./figs/nearest_node.pdf

pdfTeX warning: pdflatex (file ./figs/nearest_node.pdf): PDF inclusion: multipl
e pdfs with page group included in a single page
>]
<figs/saliency.pdf, id=426, pagebox=cropbox, 3129.77287pt x 2845.26979pt>
File: figs/saliency.pdf Graphic file (type pdf)
<use figs/saliency.pdf>
Package pdftex.def Info: figs/saliency.pdf  used on input line 87. on input lin
e 87.
Package pdftex.def Info: Requested size: 251.31898pt x 228.45113pt on input lin
e 87.


Package caption Warning: \label without proper reference on input line 20.
See the caption package documentation for explanation.


LaTeX Warning: Reference `fig:nearest' on page 5 undefined on input line 95.

<figs/cut_plane1.pdf, id=431, pagebox=cropbox, 3129.77287pt x 1422.6349pt>
File: figs/cut_plane1.pdf Graphic file (type pdf)
<use figs/cut_plane1.pdf>
Package pdftex.def Info: figs/cut_plane1.pdf  used on input line 117. on input 
line 117.
Package pdftex.def Info: Requested size: 251.31898pt x 114.22556pt on input lin
e 117.
) (6-fabricate.tex
<figs/inner2.pdf, id=433, pagebox=cropbox, 1607.00375pt x 844.15375pt>
File: figs/inner2.pdf Graphic file (type pdf)
<use figs/inner2.pdf>
Package pdftex.def Info: figs/inner2.pdf  used on input line 36. on input line 
36.
Package pdftex.def Info: Requested size: 251.31898pt x 132.01462pt on input lin
e 36.
 [5 <./figs/saliency.pdf> <./figs/cut_plane1.pdf

pdfTeX warning: pdflatex (file ./figs/cut_plane1.pdf): PDF inclusion: multiple 
pdfs with page group included in a single page
> <./figs/inner2.pdf>]
<figs/surface_connection.pdf, id=491, pagebox=cropbox, 1550.67331pt x 542.025pt
>
File: figs/surface_connection.pdf Graphic file (type pdf)
<use figs/surface_connection.pdf>
Package pdftex.def Info: figs/surface_connection.pdf  used on input line 113. o
n input line 113.
Package pdftex.def Info: Requested size: 251.31898pt x 87.8423pt on input line 
113.
) (7-result.tex [6 <./figs/surface_connection.pdf>]
<figs/multi_printer.pdf, id=519, pagebox=cropbox, 1877.93599pt x 853.50871pt>
File: figs/multi_printer.pdf Graphic file (type pdf)
<use figs/multi_printer.pdf>
Package pdftex.def Info: figs/multi_printer.pdf  used on input line 158. on inp
ut line 158.
Package pdftex.def Info: Requested size: 514.92374pt x 234.03189pt on input lin
e 158.
<figs/MOAI.pdf, id=520, pagebox=cropbox, 1849.38928pt x 542.025pt>
File: figs/MOAI.pdf Graphic file (type pdf)
<use figs/MOAI.pdf>
Package pdftex.def Info: figs/MOAI.pdf  used on input line 212. on input line 2
12.
Package pdftex.def Info: Requested size: 1849.38478pt x 542.02367pt on input li
ne 212.
<figs/Squirrel.pdf, id=521, pagebox=cropbox, 1991.6407pt x 542.025pt>
File: figs/Squirrel.pdf Graphic file (type pdf)
<use figs/Squirrel.pdf>
Package pdftex.def Info: figs/Squirrel.pdf  used on input line 212. on input li
ne 212.
Package pdftex.def Info: Requested size: 1991.63586pt x 542.02367pt on input li
ne 212.
<figs/doraemon.pdf, id=522, pagebox=cropbox, 1991.6407pt x 542.025pt>
File: figs/doraemon.pdf Graphic file (type pdf)
<use figs/doraemon.pdf>
Package pdftex.def Info: figs/doraemon.pdf  used on input line 212. on input li
ne 212.
Package pdftex.def Info: Requested size: 1991.63586pt x 542.02367pt on input li
ne 212.
<figs/totoro.pdf, id=523, pagebox=cropbox, 1934.7884pt x 542.025pt>
File: figs/totoro.pdf Graphic file (type pdf)
<use figs/totoro.pdf>
Package pdftex.def Info: figs/totoro.pdf  used on input line 212. on input line
 212.
Package pdftex.def Info: Requested size: 1934.7837pt x 542.02367pt on input lin
e 212.
<figs/iron.pdf, id=524, pagebox=cropbox, 1707.13786pt x 542.025pt>
File: figs/iron.pdf Graphic file (type pdf)
<use figs/iron.pdf>
Package pdftex.def Info: figs/iron.pdf  used on input line 212. on input line 2
12.
Package pdftex.def Info: Requested size: 1707.13371pt x 542.02367pt on input li
ne 212.
<figs/owl.pdf, id=525, pagebox=cropbox, 1849.38928pt x 542.025pt>
File: figs/owl.pdf Graphic file (type pdf)
<use figs/owl.pdf>
Package pdftex.def Info: figs/owl.pdf  used on input line 227. on input line 22
7.
Package pdftex.def Info: Requested size: 1849.38478pt x 542.02367pt on input li
ne 227.
<figs/pig.pdf, id=526, pagebox=cropbox, 1707.13786pt x 542.025pt>
File: figs/pig.pdf Graphic file (type pdf)
<use figs/pig.pdf>
Package pdftex.def Info: figs/pig.pdf  used on input line 227. on input line 22
7.
Package pdftex.def Info: Requested size: 1707.13371pt x 542.02367pt on input li
ne 227.
<figs/slime_high.pdf, id=527, pagebox=cropbox, 2134.0127pt x 542.025pt>
File: figs/slime_high.pdf Graphic file (type pdf)
<use figs/slime_high.pdf>
Package pdftex.def Info: figs/slime_high.pdf  used on input line 227. on input 
line 227.
Package pdftex.def Info: Requested size: 2134.0075pt x 542.02367pt on input lin
e 227.
<figs/lion.pdf, id=528, pagebox=cropbox, 1707.13786pt x 542.025pt>
File: figs/lion.pdf Graphic file (type pdf)
<use figs/lion.pdf>
Package pdftex.def Info: figs/lion.pdf  used on input line 227. on input line 2
27.
Package pdftex.def Info: Requested size: 1707.13371pt x 542.02367pt on input li
ne 227.
<figs/bunny_150.pdf, id=529, pagebox=cropbox, 1991.6407pt x 542.025pt>
File: figs/bunny_150.pdf Graphic file (type pdf)
<use figs/bunny_150.pdf>
Package pdftex.def Info: figs/bunny_150.pdf  used on input line 227. on input l
ine 227.
Package pdftex.def Info: Requested size: 1991.63586pt x 542.02367pt on input li
ne 227.
)
(paper.bbl
Underfull \hbox (badness 10000) in paragraph at lines 32--34
[]\OT1/ptm/m/n/8 Cura: 3d printer slic-ing ap-pli-ca-tion.
 []

Missing character: There is no ‚ in font ptmr7t!
Missing character: There is no Ä in font ptmr7t!
Missing character: There is no ê in font ptmr7t!
Missing character: There is no ‚ in font ptmr7t!
Missing character: There is no Ä in font ptmr7t!
Missing character: There is no ê in font ptmr7t!
Missing character: There is no √ in font ptmr7t!
Missing character: There is no ≠ in font ptmr7t!
)
Package atveryend Info: Empty hook `BeforeClearDocument' on input line 154.
 [7] [8] [9 <./figs/multi_printer.pdf>] [10 <./figs/MOAI.pdf> <./figs/Squirrel.
pdf

pdfTeX warning: pdflatex (file ./figs/Squirrel.pdf): PDF inclusion: multiple pd
fs with page group included in a single page
> <./figs/doraemon.pdf

pdfTeX warning: pdflatex (file ./figs/doraemon.pdf): PDF inclusion: multiple pd
fs with page group included in a single page
> <./figs/totoro.pdf

pdfTeX warning: pdflatex (file ./figs/totoro.pdf): PDF inclusion: multiple pdfs
 with page group included in a single page
> <./figs/iron.pdf

pdfTeX warning: pdflatex (file ./figs/iron.pdf): PDF inclusion: multiple pdfs w
ith page group included in a single page
>] [11 <./figs/owl.pdf> <./figs/pig.pdf

pdfTeX warning: pdflatex (file ./figs/pig.pdf): PDF inclusion: multiple pdfs wi
th page group included in a single page
> <./figs/slime_high.pdf

pdfTeX warning: pdflatex (file ./figs/slime_high.pdf): PDF inclusion: multiple 
pdfs with page group included in a single page
> <./figs/lion.pdf

pdfTeX warning: pdflatex (file ./figs/lion.pdf): PDF inclusion: multiple pdfs w
ith page group included in a single page
> <./figs/bunny_150.pdf

pdfTeX warning: pdflatex (file ./figs/bunny_150.pdf): PDF inclusion: multiple p
dfs with page group included in a single page
>]
Package atveryend Info: Empty hook `AfterLastShipout' on input line 154.
 (paper.aux)
Package atveryend Info: Executing hook `AtVeryEndDocument' on input line 154.
Package atveryend Info: Executing hook `AtEndAfterFileList' on input line 154.
Package rerunfilecheck Info: File `paper.out' has not changed.
(rerunfilecheck)             Checksum: 700F2D88900087E22C0F055A79205710;2263.


LaTeX Warning: There were undefined references.

Package atveryend Info: Empty hook `AtVeryVeryEnd' on input line 154.
 ) 
Here is how much of TeX's memory you used:
 10293 strings out of 493312
 149263 string characters out of 3138902
 300097 words of memory out of 3000000
 13477 multiletter control sequences out of 15000+200000
 64701 words of font info for 132 fonts, out of 3000000 for 9000
 1141 hyphenation exceptions out of 8191
 38i,16n,39p,950b,428s stack positions out of 5000i,500n,10000p,200000b,50000s
{C:/Program Files/MiKTeX 2.9/fonts/enc/dvips/base/8r.enc}<C:/Program Files/Mi
KTeX 2.9/fonts/type1/public/amsfonts/cm/cmex10.pfb><C:/Program Files/MiKTeX 2.9
/fonts/type1/public/amsfonts/cm/cmmi10.pfb><C:/Program Files/MiKTeX 2.9/fonts/t
ype1/public/amsfonts/cm/cmr10.pfb><C:/Program Files/MiKTeX 2.9/fonts/type1/publ
ic/amsfonts/cm/cmsy10.pfb><C:/Program Files/MiKTeX 2.9/fonts/type1/public/amsfo
nts/cm/cmsy8.pfb><C:/Program Files/MiKTeX 2.9/fonts/type1/public/rsfs/rsfs10.pf
b><C:/Program Files/MiKTeX 2.9/fonts/type1/urw/helvetic/uhvb8a.pfb><C:/Program 
Files/MiKTeX 2.9/fonts/type1/urw/helvetic/uhvr8a.pfb><C:/Users/Rock/AppData/Roa
ming/MiKTeX/2.9/fonts/type1/urw/symbol/usyr.pfb><C:/Users/Rock/AppData/Roaming/
MiKTeX/2.9/fonts/type1/urw/symbol/usyr.pfb><C:/Program Files/MiKTeX 2.9/fonts/t
ype1/urw/times/utmb8a.pfb><C:/Program Files/MiKTeX 2.9/fonts/type1/urw/times/ut
mbi8a.pfb><C:/Program Files/MiKTeX 2.9/fonts/type1/urw/times/utmr8a.pfb><C:/Pro
gram Files/MiKTeX 2.9/fonts/type1/urw/times/utmri8a.pfb>
Output written on paper.pdf (11 pages, 12064472 bytes).
PDF statistics:
 811 PDF objects out of 1000 (max. 8388607)
 126 named destinations out of 1000 (max. 500000)
 388 words of extra memory for PDF output out of 10000 (max. 10000000)

